<?xml version="1.0" encoding="UTF-8"?>
<testng-results ignored="0" total="3" passed="3" failed="0" skipped="0">
  <reporter-output>
  </reporter-output>
  <suite started-at="2024-10-28T12:03:49 IST" name="Default suite" finished-at="2024-10-28T12:03:49 IST" duration-ms="52">
    <groups>
    </groups>
    <test started-at="2024-10-28T12:03:49 IST" name="Default test" finished-at="2024-10-28T12:03:49 IST" duration-ms="52">
      <class name="testCases.DataPro">
        <test-method signature="checkLogin(java.lang.String,java.lang.String)[pri:0, instance:testCases.DataPro@5677323c]" started-at="2024-10-28T12:03:49 IST" name="checkLogin" data-provider="logindata" finished-at="2024-10-28T12:03:49 IST" duration-ms="11" status="PASS">
          <params>
            <param index="0">
              <value>
                <![CDATA[user1]]>
              </value>
            </param>
            <param index="1">
              <value>
                <![CDATA[pass1]]>
              </value>
            </param>
          </params>
          <reporter-output>
          </reporter-output>
        </test-method> <!-- checkLogin -->
        <test-method signature="checkLogin(java.lang.String,java.lang.String)[pri:0, instance:testCases.DataPro@5677323c]" started-at="2024-10-28T12:03:49 IST" name="checkLogin" data-provider="logindata" finished-at="2024-10-28T12:03:49 IST" duration-ms="1" status="PASS">
          <params>
            <param index="0">
              <value>
                <![CDATA[user2]]>
              </value>
            </param>
            <param index="1">
              <value>
                <![CDATA[pass2]]>
              </value>
            </param>
          </params>
          <reporter-output>
          </reporter-output>
        </test-method> <!-- checkLogin -->
        <test-method signature="checkLogin(java.lang.String,java.lang.String)[pri:0, instance:testCases.DataPro@5677323c]" started-at="2024-10-28T12:03:49 IST" name="checkLogin" data-provider="logindata" finished-at="2024-10-28T12:03:49 IST" duration-ms="1" status="PASS">
          <params>
            <param index="0">
              <value>
                <![CDATA[user3]]>
              </value>
            </param>
            <param index="1">
              <value>
                <![CDATA[pass3]]>
              </value>
            </param>
          </params>
          <reporter-output>
          </reporter-output>
        </test-method> <!-- checkLogin -->
      </class> <!-- testCases.DataPro -->
    </test> <!-- Default test -->
  </suite> <!-- Default suite -->
</testng-results>
